
> frontend@0.1.0 start
> next start -p 3008

▲ Next.js 16.2.6
- Local:         http://localhost:3008
- Network:       http://66.94.117.172:3008
✓ Ready in 382ms

> frontend@0.1.0 start
> next start -p 3008

▲ Next.js 16.2.6
- Local:         http://localhost:3008
- Network:       http://66.94.117.172:3008
✓ Ready in 240ms

> frontend@0.1.0 start
> next start -p 3008

▲ Next.js 16.2.6
- Local:         http://localhost:3008
- Network:       http://66.94.117.172:3008
✓ Ready in 250ms

> frontend@0.1.0 start
> next start -p 3008

▲ Next.js 16.2.6
- Local:         http://localhost:3008
- Network:       http://66.94.117.172:3008
✓ Ready in 228ms

> frontend@0.1.0 start
> next start -p 3008

▲ Next.js 16.2.6
- Local:         http://localhost:3008
- Network:       http://66.94.117.172:3008
✓ Ready in 225ms

> frontend@0.1.0 start
> next start -p 3008

▲ Next.js 16.2.6
- Local:         http://localhost:3008
- Network:       http://66.94.117.172:3008
✓ Ready in 209ms

> frontend@0.1.0 start
> next start -p 3008

▲ Next.js 16.2.6
- Local:         http://localhost:3008
- Network:       http://66.94.117.172:3008
✓ Ready in 218ms

> frontend@0.1.0 start
> next start -p 3008

▲ Next.js 16.2.6
- Local:         http://localhost:3008
- Network:       http://66.94.117.172:3008
✓ Ready in 198ms

> frontend@0.1.0 start
> next start -p 3008

▲ Next.js 16.2.6
- Local:         http://localhost:3008
- Network:       http://66.94.117.172:3008
✓ Ready in 411ms

> frontend@0.1.0 start
> next start -p 3008

▲ Next.js 16.2.6
- Local:         http://localhost:3008
- Network:       http://66.94.117.172:3008
✓ Ready in 426ms

> frontend@0.1.0 start
> next start -p 3008

▲ Next.js 16.2.6
- Local:         http://localhost:3008
- Network:       http://66.94.117.172:3008
✓ Ready in 234ms

> frontend@0.1.0 start
> next start -p 3008

▲ Next.js 16.2.6
- Local:         http://localhost:3008
- Network:       http://66.94.117.172:3008
✓ Ready in 248ms

> frontend@0.1.0 start
> next start -p 3008

▲ Next.js 16.2.6
- Local:         http://localhost:3008
- Network:       http://66.94.117.172:3008
✓ Ready in 274ms
